{'core_data': <zmq.core.socket.Socket object at 0x20c3630>, 'imms_data': <zmq.core.socket.Socket object at 0x20c3660>, 'ctrl': <zmq.core.socket.Socket object at 0x20c3690>}
-2.04535365105 -4.82516384125 -91 0 0 0
-2.08576345444 -4.91637611389 -91 0 0 0
-2.13076329231 -5.01120328903 -91
move up 

sent values  -2.13076329231 -4.01120328903 1
-2.13076329231 -5.01120328903 -91 -2.13076329231 -4.01120328903 1
-2.18384861946 -5.0481595993 -91 0 0 0
-2.22762346268 -5.08838939667 -91 0 0 0
-2.29282617569 -5.11848592758 -91
move up 

sent values  -2.29282617569 -4.11848592758 1
-2.29282617569 -5.11848592758 -91 -2.29282617569 -4.11848592758 1
-2.34625959396 -5.11166620255 -91 0 0 0
-2.38280701637 -5.09916210175 -91 0 0 0
-2.40192699432 -5.10214138031 -91
move up 

sent values  -2.40192699432 -4.10214138031 1
-2.40192699432 -5.10214138031 -91 -2.40192699432 -4.10214138031 1
-2.43450856209 -5.10980606079 -91 0 0 0
-2.46884036064 -5.12622976303 -91 0 0 0
-2.48718738556 -5.1444478035 -91
move up 

sent values  -2.48718738556 -4.1444478035 1
-2.48718738556 -5.1444478035 -91 -2.48718738556 -4.1444478035 1
-2.50134372711 -5.13317871094 -91 0 0 0
-2.53916096687 -5.12100696564 -91 0 0 0
im stuck
get out of here 

move down 

move right 

move down 

move right 

-2.56407976151 -5.12045049667 -91 -0.564079761505 -7.12045049667 1
-2.57360386848 -5.11911916733 -91 0 0 0
-2.60341858864 -5.09591817856 -91 0 0 0
im out
-2.63324737549 -5.0795378685 -91 -0.564079761505 -7.12045049667 1
-2.68157362938 -5.09321498871 -91 0 0 0
-2.69836640358 -5.08373880386 -91 0 0 0
im out
-2.74046778679 -5.10147380829 -91 -0.564079761505 -7.12045049667 1
-2.29415225983 -5.45234823227 -91 0 0 0
-1.98292553425 -5.69752454758 -91 0 0 0
im free
current  -1.14380395412   -6.2371263504
should be  -0.564079761505   -7.12045049667
close  -0.579724192619   0.883324146271
-1.14380395412 -6.2371263504 -91
move up 

sent values  -1.14380395412 -5.2371263504 1
-1.14380395412 -6.2371263504 -91 -1.14380395412 -5.2371263504 1
-0.454873770475 -6.50497674942 -91 0 0 0
-0.116082325578 -6.61805057526 -91 0 0 0
-0.0183033943176 -6.58767223358 -91
move up 

sent values  -0.0183033943176 -5.58767223358 1
-0.0183033943176 -6.58767223358 -91 -0.0183033943176 -5.58767223358 1
0.197305679321 -6.55555915833 -91 0 0 0
0.591822743416 -6.5217628479 -91 0 0 0
1.04047167301 -6.474401474 -91
move up 

sent values  1.04047167301 -5.474401474 1
1.04047167301 -6.474401474 -91 1.04047167301 -5.474401474 1
1.3845590353 -6.47636508942 -91 0 0 0
1.84626448154 -6.43307924271 -91 0 0 0
2.21453547478 -6.43820810318 -91
move up 

sent values  2.21453547478 -5.43820810318 1
2.21453547478 -6.43820810318 -91 2.21453547478 -5.43820810318 1
2.53423666954 -6.40852022171 -91 0 0 0
2.80526423454 -6.41874980927 -91 0 0 0
3.08068704605 -6.42488241196 -91
move up 

sent values  3.08068704605 -5.42488241196 1
3.08068704605 -6.42488241196 -91 3.08068704605 -5.42488241196 1
3.08068704605 -6.42488241196 -91 0 0 0
3.33271241188 -6.50575447083 -91 0 0 0
3.62662315369 -6.42179775238 -88
move up 

sent values  3.62662315369 -5.42179775238 1
3.62662315369 -6.42179775238 -88 3.62662315369 -5.42179775238 1
3.96735429764 -6.39760732651 -91 0 0 0
4.32290220261 -6.3821105957 -88 0 0 0
4.63439035416 -6.26739311218 -88
move up 

sent values  4.63439035416 -5.26739311218 1
4.63439035416 -6.26739311218 -88 4.63439035416 -5.26739311218 1
4.92381381989 -6.24023199081 -85 0 0 0
5.27353954315 -6.14602136612 -85 0 0 0
5.58909416199 -6.04629087448 -82
move up 

sent values  5.58909416199 -5.04629087448 1
5.58909416199 -6.04629087448 -82 5.58909416199 -5.04629087448 1
5.79846382141 -5.95624494553 -82 0 0 0
6.04413986206 -6.03362321854 -82 0 0 0
6.39627218246 -6.07504272461 -82
move up 

sent values  6.39627218246 -5.07504272461 1
6.39627218246 -6.07504272461 -82 6.39627218246 -5.07504272461 1
6.78542089462 -5.86890888214 -85 0 0 0
7.24125003815 -5.55841302872 -82 0 0 0
7.74783229828 -5.47051239014 -79
move up 

sent values  7.74783229828 -4.47051239014 1
7.74783229828 -5.47051239014 -79 7.74783229828 -4.47051239014 1
8.50317192078 -5.40759992599 -79 0 0 0
8.6808052063 -5.53581905365 -82 0 0 0
8.87264537811 -5.42056894302 -82
move down 

move right 

sent values  9.87264537811 -6.42056894302 1
8.87264537811 -5.42056894302 -82 9.87264537811 -6.42056894302 1
9.08382225037 -5.19339227676 -82 0 0 0
9.46976566315 -5.14192295074 -82 0 0 0
10.1007661819 -5.34091949463 -82
move left 

move left 

sent values  8.10076618195 -5.34091949463 1
10.1007661819 -5.34091949463 -82 8.10076618195 -5.34091949463 1
10.6288909912 -5.61684989929 -82 0 0 0
10.7370090485 -5.63919782639 -82 0 0 0
10.6100234985 -5.54391860962 -85
move right 

move right 

sent values  12.6100234985 -5.54391860962 1
10.6100234985 -5.54391860962 -85 12.6100234985 -5.54391860962 1
10.6152563095 -5.48091840744 -85 0 0 0
11.0490121841 -5.19586753845 -85 0 0 0
11.7494544983 -5.23034477234 -88
move left 

move left 

sent values  9.74945449829 -5.23034477234 1
11.7494544983 -5.23034477234 -88 9.74945449829 -5.23034477234 1
12.5606412888 -5.3442735672 -91 0 0 0
12.7767019272 -5.49944400787 -85 0 0 0
12.6353616714 -5.62909936905 -88
move right 

move right 

sent values  14.6353616714 -5.62909936905 1
12.6353616714 -5.62909936905 -88 14.6353616714 -5.62909936905 1
12.5729322433 -5.52344274521 -91 0 0 0
12.9226074219 -5.22554636002 -88 0 0 0
12.9226074219 -5.22554636002 -91
move left 

move left 

sent values  10.9226074219 -5.22554636002 1
12.9226074219 -5.22554636002 -91 10.9226074219 -5.22554636002 1
13.7991905212 -4.81192970276 -91 0 0 0
14.6493263245 -4.38332271576 -85 0 0 0
15.1308221817 -4.31814813614 -82
move right 

move right 

sent values  17.1308221817 -4.31814813614 1
15.1308221817 -4.31814813614 -82 17.1308221817 -4.31814813614 1
15.6377639771 -4.30438423157 -85 0 0 0
16.3869609833 -4.3418211937 -85 0 0 0
17.3389282227 -4.17555713654 -85
move left 

move left 

sent values  15.3389282227 -4.17555713654 1
17.3389282227 -4.17555713654 -85 15.3389282227 -4.17555713654 1
17.9839725494 -4.14656019211 -88 0 0 0
18.1458301544 -4.24256229401 -91 0 0 0
18.0775165558 -4.29215669632 -88
move right 

move right 

sent values  20.0775165558 -4.29215669632 1
18.0775165558 -4.29215669632 -88 20.0775165558 -4.29215669632 1
18.0741329193 -4.32845544815 -85 0 0 0
18.4638290405 -4.19035625458 -91 0 0 0
19.0743579865 -3.98276805878 -85
move left 

move left 

sent values  17.0743579865 -3.98276805878 1
19.0743579865 -3.98276805878 -85 17.0743579865 -3.98276805878 1
19.6153068542 -3.75397920609 -88 0 0 0
19.1078567505 -3.16348719597 -91 0 0 0
17.8662929535 -2.81126904488 -91
move right 

move right 

sent values  19.8662929535 -2.81126904488 1
17.8662929535 -2.81126904488 -91 19.8662929535 -2.81126904488 1
16.4752540588 -3.02681064606 -85 0 0 0
14.7597808838 -3.67939543724 -91 0 0 0
12.9667634964 -4.3917555809 -88
move left 

move left 

sent values  10.9667634964 -4.3917555809 1
12.9667634964 -4.3917555809 -88 10.9667634964 -4.3917555809 1
11.2459411621 -5.01044511795 -91 0 0 0
9.90413665771 -5.05816698074 -88 0 0 0
8.89588546753 -4.67614793777 -91
move right 

move right 

sent values  10.8958854675 -4.67614793777 1
8.89588546753 -4.67614793777 -91 10.8958854675 -4.67614793777 1
7.86143493652 -3.82872962952 -85 0 0 0
6.94226026535 -2.88570261002 -76 0 0 0
6.23946332932 -2.11881947517 -79
move right 

sent values  7.23946332932 -2.11881947517 1
6.23946332932 -2.11881947517 -79 7.23946332932 -2.11881947517 1
5.66955518723 -1.85509586334 -85 0 0 0
4.86237621307 -1.94084072113 -85 0 0 0
3.77508354187 -1.93113589287 -85
move left 

move up 

sent values  2.77508354187 -0.931135892868 1
3.77508354187 -1.93113589287 -85 2.77508354187 -0.931135892868 1
2.46962118149 -2.13477516174 -76 0 0 0
1.27205789089 -2.42570877075 -88 0 0 0
0.00267940899357 -2.82615613937 -91
move down 

move down 

sent values  0.00267940899357 -4.82615613937 1
0.00267940899357 -2.82615613937 -91 0.00267940899357 -4.82615613937 1
-0.875389814377 -2.96390604973 -91 0 0 0
-1.13051390648 -2.94760322571 -79 0 0 0
-1.13051390648 -2.94760322571 -76
move down 

sent values  -1.13051390648 -3.94760322571 1
-1.13051390648 -2.94760322571 -76 -1.13051390648 -3.94760322571 1
-1.13447272778 -3.00790309906 -91 0 0 0
-1.18400228024 -3.10862803459 -79 0 0 0
-1.15346562862 -3.12202882767 -82
move up 

move left 

sent values  -2.15346562862 -2.12202882767 1
-1.15346562862 -3.12202882767 -82 -2.15346562862 -2.12202882767 1
-1.25481963158 -3.05269527435 -82 0 0 0
-1.22309327126 -2.93410825729 -85 0 0 0
-1.18500304222 -2.84004926682 -82
move right 

move right 

sent values  0.814996957779 -2.84004926682 1
-1.18500304222 -2.84004926682 -82 0.814996957779 -2.84004926682 1
-1.07901453972 -2.70411777496 -82 0 0 0
-0.998182356358 -2.60464811325 -85 0 0 0
-0.941063165665 -2.49105358124 -82
move left 

move left 

sent values  -2.94106316566 -2.49105358124 1
-0.941063165665 -2.49105358124 -82 -2.94106316566 -2.49105358124 1
-0.886373996735 -2.33804988861 -91 0 0 0
-0.798650503159 -2.14772033691 -91 0 0 0
-0.681410193443 -1.95047175884 -91
move right 

move right 

sent values  1.31858980656 -1.95047175884 1
-0.681410193443 -1.95047175884 -91 1.31858980656 -1.95047175884 1
-0.56066852808 -1.82246661186 -91 0 0 0
-0.467348068953 -1.70944464207 -91 0 0 0
-0.366863787174 -1.62852215767 -91
move left 

move left 

sent values  -2.36686378717 -1.62852215767 1
-0.366863787174 -1.62852215767 -91 -2.36686378717 -1.62852215767 1
-0.296241432428 -1.55456900597 -91 0 0 0
-0.252027958632 -1.52762460709 -91 0 0 0
-0.196430817246 -1.50881016254 -91
move right 

move right 

sent values  1.80356918275 -1.50881016254 1
-0.196430817246 -1.50881016254 -91 1.80356918275 -1.50881016254 1
-0.156762376428 -1.49228584766 -85 0 0 0
-0.110993251204 -1.51688277721 -91 0 0 0
im stuck
get out of here 

move down 

move right 

move down 

move right 

-0.0741510912776 -1.5163693428 -91 1.92584890872 -3.5163693428 1
-0.0455414429307 -1.51503169537 -88 0 0 0
-0.00779234105721 -1.51363682747 -91 0 0 0
im out
0.0197749640793 -1.51090252399 -91 1.92584890872 -3.5163693428 1
0.0305289383978 -1.49273014069 -91 0 0 0
0.011654054746 -1.53595209122 -91 0 0 0
im free
current  -0.0128887947649   -1.61268949509
should be  1.92584890872   -3.5163693428
close  -1.93873770349   1.90367984772
-0.0128887947649 -1.61268949509 -91
move up 

sent values  -0.0128887947649 -0.612689495087 1
-0.0128887947649 -1.61268949509 -91 -0.0128887947649 -0.612689495087 1
-0.0350842997432 -1.6905310154 -91 0 0 0
-0.0567942559719 -1.76741290092 -91 0 0 0
-0.0670938789845 -1.85793364048 -91
move up 

sent values  -0.0670938789845 -0.85793364048 1
-0.0670938789845 -1.85793364048 -91 -0.0670938789845 -0.85793364048 1
-0.0649711191654 -1.94885778427 -91 0 0 0
-0.0767590180039 -2.04532623291 -91 0 0 0
-0.0873465314507 -2.13313102722 -91
move up 

sent values  -0.0873465314507 -1.13313102722 1
-0.0873465314507 -2.13313102722 -91 -0.0873465314507 -1.13313102722 1
-0.121518142521 -2.27081179619 -91 0 0 0
-0.118687771261 -2.3625459671 -91 0 0 0
-0.100743941963 -2.45680093765 -91
move up 

sent values  -0.100743941963 -1.45680093765 1
-0.100743941963 -2.45680093765 -91 -0.100743941963 -1.45680093765 1
-0.085843719542 -2.55133342743 -91 0 0 0
-0.0716952160001 -2.64520168304 -91 0 0 0
-0.0546135790646 -2.71969556808 -91
move up 

sent values  -0.0546135790646 -1.71969556808 1
-0.0546135790646 -2.71969556808 -91 -0.0546135790646 -1.71969556808 1
-0.0236333347857 -2.78264164925 -91 0 0 0
0.0127564501017 -2.82382583618 -91 0 0 0
im stuck
get out of here 

move down 

move right 

move down 

move right 

0.045598488301 -2.88092136383 -91 2.0455984883 -4.88092136383 1
0.0721253156662 -2.9512629509 -91 0 0 0
0.0949691534042 -3.00753474236 -91 0 0 0
im free
current  0.11502250284   -3.02998924255
should be  2.0455984883   -4.88092136383
close  -1.93057598546   1.85093212128
0.11502250284 -3.02998924255 -91
move up 

sent values  0.11502250284 -2.02998924255 1
0.11502250284 -3.02998924255 -91 0.11502250284 -2.02998924255 1
0.134335979819 -3.05974340439 -91 0 0 0
0.154888227582 -3.06973791122 -91 0 0 0
0.14396853745 -3.07041168213 -91
move up 

sent values  0.14396853745 -2.07041168213 1
0.14396853745 -3.07041168213 -91 0.14396853745 -2.07041168213 1
0.141506150365 -3.05667996407 -91 0 0 0
0.129102125764 -3.06683111191 -91 0 0 0
0.107232689857 -3.07828640938 -91
move up 

sent values  0.107232689857 -2.07828640938 1
0.107232689857 -3.07828640938 -91 0.107232689857 -2.07828640938 1
